  dijkstra.c
C:\Users\g-home\Desktop\정리\서원대 2학년 2023년 1학기\알고리즘 2학년 2023 1학기\찌리리린 알고리즘\알고리즘 3팀 팀프로젝트(길찾기) - 최종\알고리즘 3팀 (미니 프로젝트 - 길찾기)\dijkstra.c(73,13): warning C4996: 'fopen': This function or variable may be unsafe. Consider using fopen_s instead. To disable deprecation, use _CRT_SECURE_NO_WARNINGS. See online help for details.
C:\Users\g-home\Desktop\정리\서원대 2학년 2023년 1학기\알고리즘 2학년 2023 1학기\찌리리린 알고리즘\알고리즘 3팀 팀프로젝트(길찾기) - 최종\알고리즘 3팀 (미니 프로젝트 - 길찾기)\dijkstra.c(77,3): warning C4996: 'fscanf': This function or variable may be unsafe. Consider using fscanf_s instead. To disable deprecation, use _CRT_SECURE_NO_WARNINGS. See online help for details.
C:\Users\g-home\Desktop\정리\서원대 2학년 2023년 1학기\알고리즘 2학년 2023 1학기\찌리리린 알고리즘\알고리즘 3팀 팀프로젝트(길찾기) - 최종\알고리즘 3팀 (미니 프로젝트 - 길찾기)\dijkstra.c(80,4): warning C4996: 'fscanf': This function or variable may be unsafe. Consider using fscanf_s instead. To disable deprecation, use _CRT_SECURE_NO_WARNINGS. See online help for details.
C:\Users\g-home\Desktop\정리\서원대 2학년 2023년 1학기\알고리즘 2학년 2023 1학기\찌리리린 알고리즘\알고리즘 3팀 팀프로젝트(길찾기) - 최종\알고리즘 3팀 (미니 프로젝트 - 길찾기)\dijkstra.c(85,5): warning C4996: 'fscanf': This function or variable may be unsafe. Consider using fscanf_s instead. To disable deprecation, use _CRT_SECURE_NO_WARNINGS. See online help for details.
  menu.c
  menu1.4.c
C:\Users\g-home\Desktop\정리\서원대 2학년 2023년 1학기\알고리즘 2학년 2023 1학기\찌리리린 알고리즘\알고리즘 3팀 팀프로젝트(길찾기) - 최종\알고리즘 3팀 (미니 프로젝트 - 길찾기)\menu1.4.c(24,13): warning C4996: 'fopen': This function or variable may be unsafe. Consider using fopen_s instead. To disable deprecation, use _CRT_SECURE_NO_WARNINGS. See online help for details.
C:\Users\g-home\Desktop\정리\서원대 2학년 2023년 1학기\알고리즘 2학년 2023 1학기\찌리리린 알고리즘\알고리즘 3팀 팀프로젝트(길찾기) - 최종\알고리즘 3팀 (미니 프로젝트 - 길찾기)\menu1.4.c(39,18): warning C4996: 'strtok': This function or variable may be unsafe. Consider using strtok_s instead. To disable deprecation, use _CRT_SECURE_NO_WARNINGS. See online help for details.
C:\Users\g-home\Desktop\정리\서원대 2학년 2023년 1학기\알고리즘 2학년 2023 1학기\찌리리린 알고리즘\알고리즘 3팀 팀프로젝트(길찾기) - 최종\알고리즘 3팀 (미니 프로젝트 - 길찾기)\menu1.4.c(41,5): warning C4996: 'strncpy': This function or variable may be unsafe. Consider using strncpy_s instead. To disable deprecation, use _CRT_SECURE_NO_WARNINGS. See online help for details.
C:\Users\g-home\Desktop\정리\서원대 2학년 2023년 1학기\알고리즘 2학년 2023 1학기\찌리리린 알고리즘\알고리즘 3팀 팀프로젝트(길찾기) - 최종\알고리즘 3팀 (미니 프로젝트 - 길찾기)\menu1.4.c(43,12): warning C4996: 'strtok': This function or variable may be unsafe. Consider using strtok_s instead. To disable deprecation, use _CRT_SECURE_NO_WARNINGS. See online help for details.
C:\Users\g-home\Desktop\정리\서원대 2학년 2023년 1학기\알고리즘 2학년 2023 1학기\찌리리린 알고리즘\알고리즘 3팀 팀프로젝트(길찾기) - 최종\알고리즘 3팀 (미니 프로젝트 - 길찾기)\menu1.4.c(45,5): warning C4996: 'strncpy': This function or variable may be unsafe. Consider using strncpy_s instead. To disable deprecation, use _CRT_SECURE_NO_WARNINGS. See online help for details.
C:\Users\g-home\Desktop\정리\서원대 2학년 2023년 1학기\알고리즘 2학년 2023 1학기\찌리리린 알고리즘\알고리즘 3팀 팀프로젝트(길찾기) - 최종\알고리즘 3팀 (미니 프로젝트 - 길찾기)\menu1.4.c(65,23): warning C4047: '=': 'char *'의 간접 참조 수준이 'int'과(와) 다릅니다.
C:\Users\g-home\Desktop\정리\서원대 2학년 2023년 1학기\알고리즘 2학년 2023 1학기\찌리리린 알고리즘\알고리즘 3팀 팀프로젝트(길찾기) - 최종\알고리즘 3팀 (미니 프로젝트 - 길찾기)\menu1.4.c(67,22): warning C4047: '=': 'char *'의 간접 참조 수준이 'int'과(와) 다릅니다.
C:\Users\g-home\Desktop\정리\서원대 2학년 2023년 1학기\알고리즘 2학년 2023 1학기\찌리리린 알고리즘\알고리즘 3팀 팀프로젝트(길찾기) - 최종\알고리즘 3팀 (미니 프로젝트 - 길찾기)\menu1.4.c(81,8): warning C4477: 'scanf' : 서식 문자열 '%s'에 'char *' 형식의 인수가 필요하지만 variadic 인수 1의 형식이 'char **'입니다.
C:\Users\g-home\Desktop\정리\서원대 2학년 2023년 1학기\알고리즘 2학년 2023 1학기\찌리리린 알고리즘\알고리즘 3팀 팀프로젝트(길찾기) - 최종\알고리즘 3팀 (미니 프로젝트 - 길찾기)\menu1.4.c(85,23): warning C4047: '함수': 'const char *'의 간접 참조 수준이 'char *[5]'과(와) 다릅니다.
C:\Users\g-home\Desktop\정리\서원대 2학년 2023년 1학기\알고리즘 2학년 2023 1학기\찌리리린 알고리즘\알고리즘 3팀 팀프로젝트(길찾기) - 최종\알고리즘 3팀 (미니 프로젝트 - 길찾기)\menu1.4.c(85,14): warning C4024: 'strcmp': 형식 및 실제 매개 변수 1의 형식이 서로 다릅니다.
C:\Users\g-home\Desktop\정리\서원대 2학년 2023년 1학기\알고리즘 2학년 2023 1학기\찌리리린 알고리즘\알고리즘 3팀 팀프로젝트(길찾기) - 최종\알고리즘 3팀 (미니 프로젝트 - 길찾기)\menu1.4.c(85,62): warning C4047: '함수': 'const char *'의 간접 참조 수준이 'char *[5]'과(와) 다릅니다.
C:\Users\g-home\Desktop\정리\서원대 2학년 2023년 1학기\알고리즘 2학년 2023 1학기\찌리리린 알고리즘\알고리즘 3팀 팀프로젝트(길찾기) - 최종\알고리즘 3팀 (미니 프로젝트 - 길찾기)\menu1.4.c(85,53): warning C4024: 'strcmp': 형식 및 실제 매개 변수 1의 형식이 서로 다릅니다.
C:\Users\g-home\Desktop\정리\서원대 2학년 2023년 1학기\알고리즘 2학년 2023 1학기\찌리리린 알고리즘\알고리즘 3팀 팀프로젝트(길찾기) - 최종\알고리즘 3팀 (미니 프로젝트 - 길찾기)\menu1.4.c(81,2): warning C4996: 'scanf': This function or variable may be unsafe. Consider using scanf_s instead. To disable deprecation, use _CRT_SECURE_NO_WARNINGS. See online help for details.
C:\Users\g-home\Desktop\정리\서원대 2학년 2023년 1학기\알고리즘 2학년 2023 1학기\찌리리린 알고리즘\알고리즘 3팀 팀프로젝트(길찾기) - 최종\알고리즘 3팀 (미니 프로젝트 - 길찾기)\menu1.4.c(124,8): warning C4477: 'scanf' : 서식 문자열 '%s'에 'char *' 형식의 인수가 필요하지만 variadic 인수 1의 형식이 'char **'입니다.
C:\Users\g-home\Desktop\정리\서원대 2학년 2023년 1학기\알고리즘 2학년 2023 1학기\찌리리린 알고리즘\알고리즘 3팀 팀프로젝트(길찾기) - 최종\알고리즘 3팀 (미니 프로젝트 - 길찾기)\menu1.4.c(128,24): warning C4047: '함수': 'const char *'의 간접 참조 수준이 'char *[5]'과(와) 다릅니다.
C:\Users\g-home\Desktop\정리\서원대 2학년 2023년 1학기\알고리즘 2학년 2023 1학기\찌리리린 알고리즘\알고리즘 3팀 팀프로젝트(길찾기) - 최종\알고리즘 3팀 (미니 프로젝트 - 길찾기)\menu1.4.c(128,14): warning C4024: 'strcmp': 형식 및 실제 매개 변수 1의 형식이 서로 다릅니다.
C:\Users\g-home\Desktop\정리\서원대 2학년 2023년 1학기\알고리즘 2학년 2023 1학기\찌리리린 알고리즘\알고리즘 3팀 팀프로젝트(길찾기) - 최종\알고리즘 3팀 (미니 프로젝트 - 길찾기)\menu1.4.c(128,64): warning C4047: '함수': 'const char *'의 간접 참조 수준이 'char *[5]'과(와) 다릅니다.
C:\Users\g-home\Desktop\정리\서원대 2학년 2023년 1학기\알고리즘 2학년 2023 1학기\찌리리린 알고리즘\알고리즘 3팀 팀프로젝트(길찾기) - 최종\알고리즘 3팀 (미니 프로젝트 - 길찾기)\menu1.4.c(128,54): warning C4024: 'strcmp': 형식 및 실제 매개 변수 1의 형식이 서로 다릅니다.
C:\Users\g-home\Desktop\정리\서원대 2학년 2023년 1학기\알고리즘 2학년 2023 1학기\찌리리린 알고리즘\알고리즘 3팀 팀프로젝트(길찾기) - 최종\알고리즘 3팀 (미니 프로젝트 - 길찾기)\menu1.4.c(124,2): warning C4996: 'scanf': This function or variable may be unsafe. Consider using scanf_s instead. To disable deprecation, use _CRT_SECURE_NO_WARNINGS. See online help for details.
C:\Users\g-home\Desktop\정리\서원대 2학년 2023년 1학기\알고리즘 2학년 2023 1학기\찌리리린 알고리즘\알고리즘 3팀 팀프로젝트(길찾기) - 최종\알고리즘 3팀 (미니 프로젝트 - 길찾기)\menu1.4.c(175,2): warning C4996: 'scanf': This function or variable may be unsafe. Consider using scanf_s instead. To disable deprecation, use _CRT_SECURE_NO_WARNINGS. See online help for details.
C:\Users\g-home\Desktop\정리\서원대 2학년 2023년 1학기\알고리즘 2학년 2023 1학기\찌리리린 알고리즘\알고리즘 3팀 팀프로젝트(길찾기) - 최종\알고리즘 3팀 (미니 프로젝트 - 길찾기)\menu1.4.c(221,11): warning C4244: '*=': 'double'에서 'int'(으)로 변환하면서 데이터가 손실될 수 있습니다.
C:\Users\g-home\Desktop\정리\서원대 2학년 2023년 1학기\알고리즘 2학년 2023 1학기\찌리리린 알고리즘\알고리즘 3팀 팀프로젝트(길찾기) - 최종\알고리즘 3팀 (미니 프로젝트 - 길찾기)\menu1.4.c(226,11): warning C4244: '*=': 'double'에서 'int'(으)로 변환하면서 데이터가 손실될 수 있습니다.
C:\Users\g-home\Desktop\정리\서원대 2학년 2023년 1학기\알고리즘 2학년 2023 1학기\찌리리린 알고리즘\알고리즘 3팀 팀프로젝트(길찾기) - 최종\알고리즘 3팀 (미니 프로젝트 - 길찾기)\menu1.4.c(265,24): warning C4047: '함수': 'char *'의 간접 참조 수준이 'int'과(와) 다릅니다.
C:\Users\g-home\Desktop\정리\서원대 2학년 2023년 1학기\알고리즘 2학년 2023 1학기\찌리리린 알고리즘\알고리즘 3팀 팀프로젝트(길찾기) - 최종\알고리즘 3팀 (미니 프로젝트 - 길찾기)\menu1.4.c(265,19): warning C4024: 'save_recent_path': 형식 및 실제 매개 변수 1의 형식이 서로 다릅니다.
C:\Users\g-home\Desktop\정리\서원대 2학년 2023년 1학기\알고리즘 2학년 2023 1학기\찌리리린 알고리즘\알고리즘 3팀 팀프로젝트(길찾기) - 최종\알고리즘 3팀 (미니 프로젝트 - 길찾기)\menu1.4.c(265,29): warning C4047: '함수': 'char *'의 간접 참조 수준이 'int'과(와) 다릅니다.
C:\Users\g-home\Desktop\정리\서원대 2학년 2023년 1학기\알고리즘 2학년 2023 1학기\찌리리린 알고리즘\알고리즘 3팀 팀프로젝트(길찾기) - 최종\알고리즘 3팀 (미니 프로젝트 - 길찾기)\menu1.4.c(265,26): warning C4024: 'save_recent_path': 형식 및 실제 매개 변수 2의 형식이 서로 다릅니다.
C:\Users\g-home\Desktop\정리\서원대 2학년 2023년 1학기\알고리즘 2학년 2023 1학기\찌리리린 알고리즘\알고리즘 3팀 팀프로젝트(길찾기) - 최종\알고리즘 3팀 (미니 프로젝트 - 길찾기)\menu1.4.c(265,31): warning C4020: 'save_recent_path': 실제 매개 변수가 너무 많습니다.
C:\Users\g-home\Desktop\정리\서원대 2학년 2023년 1학기\알고리즘 2학년 2023 1학기\찌리리린 알고리즘\알고리즘 3팀 팀프로젝트(길찾기) - 최종\알고리즘 3팀 (미니 프로젝트 - 길찾기)\menu1.4.c(267,2): warning C4013: '_getch'이(가) 정의되지 않았습니다. extern은 int형을 반환하는 것으로 간주합니다.
C:\Users\g-home\Desktop\정리\서원대 2학년 2023년 1학기\알고리즘 2학년 2023 1학기\찌리리린 알고리즘\알고리즘 3팀 팀프로젝트(길찾기) - 최종\알고리즘 3팀 (미니 프로젝트 - 길찾기)\menu1.4.c(269,10): warning C4098: 'T_R_Result': 'void' 함수에서 값을 반환하고 있습니다.
C:\Users\g-home\Desktop\정리\서원대 2학년 2023년 1학기\알고리즘 2학년 2023 1학기\찌리리린 알고리즘\알고리즘 3팀 팀프로젝트(길찾기) - 최종\알고리즘 3팀 (미니 프로젝트 - 길찾기)\menu1.4.c(202,17): warning C4996: 'localtime': This function or variable may be unsafe. Consider using localtime_s instead. To disable deprecation, use _CRT_SECURE_NO_WARNINGS. See online help for details.
C:\Users\g-home\Desktop\정리\서원대 2학년 2023년 1학기\알고리즘 2학년 2023 1학기\찌리리린 알고리즘\알고리즘 3팀 팀프로젝트(길찾기) - 최종\알고리즘 3팀 (미니 프로젝트 - 길찾기)\menu1.4.c(205,20): warning C4244: '초기화 중': 'double'에서 'int'(으)로 변환하면서 데이터가 손실될 수 있습니다.
C:\Users\g-home\Desktop\정리\서원대 2학년 2023년 1학기\알고리즘 2학년 2023 1학기\찌리리린 알고리즘\알고리즘 3팀 팀프로젝트(길찾기) - 최종\알고리즘 3팀 (미니 프로젝트 - 길찾기)\menu1.4.c(212,3): warning C4996: 'strcpy': This function or variable may be unsafe. Consider using strcpy_s instead. To disable deprecation, use _CRT_SECURE_NO_WARNINGS. See online help for details.
C:\Users\g-home\Desktop\정리\서원대 2학년 2023년 1학기\알고리즘 2학년 2023 1학기\찌리리린 알고리즘\알고리즘 3팀 팀프로젝트(길찾기) - 최종\알고리즘 3팀 (미니 프로젝트 - 길찾기)\menu1.4.c(220,3): warning C4996: 'strcpy': This function or variable may be unsafe. Consider using strcpy_s instead. To disable deprecation, use _CRT_SECURE_NO_WARNINGS. See online help for details.
C:\Users\g-home\Desktop\정리\서원대 2학년 2023년 1학기\알고리즘 2학년 2023 1학기\찌리리린 알고리즘\알고리즘 3팀 팀프로젝트(길찾기) - 최종\알고리즘 3팀 (미니 프로젝트 - 길찾기)\menu1.4.c(225,3): warning C4996: 'strcpy': This function or variable may be unsafe. Consider using strcpy_s instead. To disable deprecation, use _CRT_SECURE_NO_WARNINGS. See online help for details.
C:\Users\g-home\Desktop\정리\서원대 2학년 2023년 1학기\알고리즘 2학년 2023 1학기\찌리리린 알고리즘\알고리즘 3팀 팀프로젝트(길찾기) - 최종\알고리즘 3팀 (미니 프로젝트 - 길찾기)\menu1.4.c(232,3): warning C4996: 'strcpy': This function or variable may be unsafe. Consider using strcpy_s instead. To disable deprecation, use _CRT_SECURE_NO_WARNINGS. See online help for details.
C:\Users\g-home\Desktop\정리\서원대 2학년 2023년 1학기\알고리즘 2학년 2023 1학기\찌리리린 알고리즘\알고리즘 3팀 팀프로젝트(길찾기) - 최종\알고리즘 3팀 (미니 프로젝트 - 길찾기)\menu1.4.c(272,27): warning C4028: 정식 매개 변수 1이(가) 선언과 다릅니다.
C:\Users\g-home\Desktop\정리\서원대 2학년 2023년 1학기\알고리즘 2학년 2023 1학기\찌리리린 알고리즘\알고리즘 3팀 팀프로젝트(길찾기) - 최종\알고리즘 3팀 (미니 프로젝트 - 길찾기)\menu1.4.c(272,38): warning C4028: 정식 매개 변수 2이(가) 선언과 다릅니다.
C:\Users\g-home\Desktop\정리\서원대 2학년 2023년 1학기\알고리즘 2학년 2023 1학기\찌리리린 알고리즘\알고리즘 3팀 팀프로젝트(길찾기) - 최종\알고리즘 3팀 (미니 프로젝트 - 길찾기)\menu1.4.c(273,1): warning C4029: 선언된 정식 매개 변수 목록이 정의와 다릅니다.
C:\Users\g-home\Desktop\정리\서원대 2학년 2023년 1학기\알고리즘 2학년 2023 1학기\찌리리린 알고리즘\알고리즘 3팀 팀프로젝트(길찾기) - 최종\알고리즘 3팀 (미니 프로젝트 - 길찾기)\menu1.4.c(274,13): warning C4996: 'fopen': This function or variable may be unsafe. Consider using fopen_s instead. To disable deprecation, use _CRT_SECURE_NO_WARNINGS. See online help for details.
  menu2.c
C:\Users\g-home\Desktop\정리\서원대 2학년 2023년 1학기\알고리즘 2학년 2023 1학기\찌리리린 알고리즘\알고리즘 3팀 팀프로젝트(길찾기) - 최종\알고리즘 3팀 (미니 프로젝트 - 길찾기)\menu2.c(18,30): warning C4090: '함수': 'const' 한정자가 서로 다릅니다.
C:\Users\g-home\Desktop\정리\서원대 2학년 2023년 1학기\알고리즘 2학년 2023 1학기\찌리리린 알고리즘\알고리즘 3팀 팀프로젝트(길찾기) - 최종\알고리즘 3팀 (미니 프로젝트 - 길찾기)\menu2.c(23,18): warning C4996: 'fopen': This function or variable may be unsafe. Consider using fopen_s instead. To disable deprecation, use _CRT_SECURE_NO_WARNINGS. See online help for details.
C:\Users\g-home\Desktop\정리\서원대 2학년 2023년 1학기\알고리즘 2학년 2023 1학기\찌리리린 알고리즘\알고리즘 3팀 팀프로젝트(길찾기) - 최종\알고리즘 3팀 (미니 프로젝트 - 길찾기)\menu2.c(76,56): warning C4474: 'printf' : 서식 문자열에 전달된 인수가 너무 많습니다.
C:\Users\g-home\Desktop\정리\서원대 2학년 2023년 1학기\알고리즘 2학년 2023 1학기\찌리리린 알고리즘\알고리즘 3팀 팀프로젝트(길찾기) - 최종\알고리즘 3팀 (미니 프로젝트 - 길찾기)\menu2.c(76,56): message : 자리 표시자 및 해당 매개 변수에는 variadic 인수가 0개 필요하지만 1개가 제공되었습니다.
C:\Users\g-home\Desktop\정리\서원대 2학년 2023년 1학기\알고리즘 2학년 2023 1학기\찌리리린 알고리즘\알고리즘 3팀 팀프로젝트(길찾기) - 최종\알고리즘 3팀 (미니 프로젝트 - 길찾기)\menu2.c(86,17): warning C4013: 'mainpage'이(가) 정의되지 않았습니다. extern은 int형을 반환하는 것으로 간주합니다.
C:\Users\g-home\Desktop\정리\서원대 2학년 2023년 1학기\알고리즘 2학년 2023 1학기\찌리리린 알고리즘\알고리즘 3팀 팀프로젝트(길찾기) - 최종\알고리즘 3팀 (미니 프로젝트 - 길찾기)\menu2.c(58,5): warning C4996: 'scanf': This function or variable may be unsafe. Consider using scanf_s instead. To disable deprecation, use _CRT_SECURE_NO_WARNINGS. See online help for details.
C:\Users\g-home\Desktop\정리\서원대 2학년 2023년 1학기\알고리즘 2학년 2023 1학기\찌리리린 알고리즘\알고리즘 3팀 팀프로젝트(길찾기) - 최종\알고리즘 3팀 (미니 프로젝트 - 길찾기)\menu2.c(77,13): warning C4996: 'scanf': This function or variable may be unsafe. Consider using scanf_s instead. To disable deprecation, use _CRT_SECURE_NO_WARNINGS. See online help for details.
C:\Users\g-home\Desktop\정리\서원대 2학년 2023년 1학기\알고리즘 2학년 2023 1학기\찌리리린 알고리즘\알고리즘 3팀 팀프로젝트(길찾기) - 최종\알고리즘 3팀 (미니 프로젝트 - 길찾기)\menu2.c(83,13): warning C4996: 'scanf': This function or variable may be unsafe. Consider using scanf_s instead. To disable deprecation, use _CRT_SECURE_NO_WARNINGS. See online help for details.
C:\Users\g-home\Desktop\정리\서원대 2학년 2023년 1학기\알고리즘 2학년 2023 1학기\찌리리린 알고리즘\알고리즘 3팀 팀프로젝트(길찾기) - 최종\알고리즘 3팀 (미니 프로젝트 - 길찾기)\menu2.c(90,26): warning C4996: 'fopen': This function or variable may be unsafe. Consider using fopen_s instead. To disable deprecation, use _CRT_SECURE_NO_WARNINGS. See online help for details.
C:\Users\g-home\Desktop\정리\서원대 2학년 2023년 1학기\알고리즘 2학년 2023 1학기\찌리리린 알고리즘\알고리즘 3팀 팀프로젝트(길찾기) - 최종\알고리즘 3팀 (미니 프로젝트 - 길찾기)\menu2.c(91,30): warning C4996: 'fopen': This function or variable may be unsafe. Consider using fopen_s instead. To disable deprecation, use _CRT_SECURE_NO_WARNINGS. See online help for details.
  menu3.c
C:\Users\g-home\Desktop\정리\서원대 2학년 2023년 1학기\알고리즘 2학년 2023 1학기\찌리리린 알고리즘\알고리즘 3팀 팀프로젝트(길찾기) - 최종\알고리즘 3팀 (미니 프로젝트 - 길찾기)\menu3.c(13,1): warning C4026: 정식 매개 변수 목록을 사용하여 함수를 선언했습니다.
C:\Users\g-home\Desktop\정리\서원대 2학년 2023년 1학기\알고리즘 2학년 2023 1학기\찌리리린 알고리즘\알고리즘 3팀 팀프로젝트(길찾기) - 최종\알고리즘 3팀 (미니 프로젝트 - 길찾기)\menu3.c(19,13): warning C4098: 'del_BM': 'void' 함수에서 값을 반환하고 있습니다.
C:\Users\g-home\Desktop\정리\서원대 2학년 2023년 1학기\알고리즘 2학년 2023 1학기\찌리리린 알고리즘\알고리즘 3팀 팀프로젝트(길찾기) - 최종\알고리즘 3팀 (미니 프로젝트 - 길찾기)\menu3.c(25,30): warning C4090: '함수': 'const' 한정자가 서로 다릅니다.
C:\Users\g-home\Desktop\정리\서원대 2학년 2023년 1학기\알고리즘 2학년 2023 1학기\찌리리린 알고리즘\알고리즘 3팀 팀프로젝트(길찾기) - 최종\알고리즘 3팀 (미니 프로젝트 - 길찾기)\menu3.c(36,13): warning C4013: 'gotoxy'이(가) 정의되지 않았습니다. extern은 int형을 반환하는 것으로 간주합니다.
C:\Users\g-home\Desktop\정리\서원대 2학년 2023년 1학기\알고리즘 2학년 2023 1학기\찌리리린 알고리즘\알고리즘 3팀 팀프로젝트(길찾기) - 최종\알고리즘 3팀 (미니 프로젝트 - 길찾기)\menu3.c(44,5): warning C4996: 'scanf': This function or variable may be unsafe. Consider using scanf_s instead. To disable deprecation, use _CRT_SECURE_NO_WARNINGS. See online help for details.
C:\Users\g-home\Desktop\정리\서원대 2학년 2023년 1학기\알고리즘 2학년 2023 1학기\찌리리린 알고리즘\알고리즘 3팀 팀프로젝트(길찾기) - 최종\알고리즘 3팀 (미니 프로젝트 - 길찾기)\menu3.c(54,9): warning C4996: 'scanf': This function or variable may be unsafe. Consider using scanf_s instead. To disable deprecation, use _CRT_SECURE_NO_WARNINGS. See online help for details.
C:\Users\g-home\Desktop\정리\서원대 2학년 2023년 1학기\알고리즘 2학년 2023 1학기\찌리리린 알고리즘\알고리즘 3팀 팀프로젝트(길찾기) - 최종\알고리즘 3팀 (미니 프로젝트 - 길찾기)\menu3.c(61,18): warning C4996: 'fopen': This function or variable may be unsafe. Consider using fopen_s instead. To disable deprecation, use _CRT_SECURE_NO_WARNINGS. See online help for details.
C:\Users\g-home\Desktop\정리\서원대 2학년 2023년 1학기\알고리즘 2학년 2023 1학기\찌리리린 알고리즘\알고리즘 3팀 팀프로젝트(길찾기) - 최종\알고리즘 3팀 (미니 프로젝트 - 길찾기)\menu3.c(62,22): warning C4996: 'fopen': This function or variable may be unsafe. Consider using fopen_s instead. To disable deprecation, use _CRT_SECURE_NO_WARNINGS. See online help for details.
  코드를 생성하고 있습니다...
C:\Users\g-home\Desktop\정리\서원대 2학년 2023년 1학기\알고리즘 2학년 2023 1학기\찌리리린 알고리즘\알고리즘 3팀 팀프로젝트(길찾기) - 최종\알고리즘 3팀 (미니 프로젝트 - 길찾기)\menu1.4.c(113): warning C4715: 'start_point': 모든 제어 경로에서 값을 반환하지는 않습니다.
C:\Users\g-home\Desktop\정리\서원대 2학년 2023년 1학기\알고리즘 2학년 2023 1학기\찌리리린 알고리즘\알고리즘 3팀 팀프로젝트(길찾기) - 최종\알고리즘 3팀 (미니 프로젝트 - 길찾기)\menu1.4.c(193): warning C4715: 'Transport': 모든 제어 경로에서 값을 반환하지는 않습니다.
C:\Users\g-home\Desktop\정리\서원대 2학년 2023년 1학기\알고리즘 2학년 2023 1학기\찌리리린 알고리즘\알고리즘 3팀 팀프로젝트(길찾기) - 최종\알고리즘 3팀 (미니 프로젝트 - 길찾기)\menu1.4.c(155): warning C4715: 'end_point': 모든 제어 경로에서 값을 반환하지는 않습니다.
  알고리즘 3팀 (미니 프로젝트 - 길찾기).vcxproj -> C:\Users\g-home\Desktop\정리\서원대 2학년 2023년 1학기\알고리즘 2학년 2023 1학기\찌리리린 알고리즘\알고리즘 3팀 팀프로젝트(길찾기) - 최종\알고리즘 3팀 (미니 프로젝트 - 길찾기)\Debug\알고리즘 3팀 (미니 프로젝트 - 길찾기).exe
